2017-05-25T00:42:20.281Z - error:  Error: ENOENT: no such file or directory, stat 'D:\Workspace\git\HTML\best-prices\ReadFiles\upload'
    at Error (native)
From previous event:
    at FileHelper.isDirectory (D:\Workspace\git\HTML\best-prices\ReadFiles\file-helper.js:164:13)
    at app.get (D:\Workspace\git\HTML\best-prices\ReadFiles\index.js:105:15)
    at Layer.handle [as handle_request] (D:\Workspace\git\HTML\best-prices\ReadFiles\node_modules\express\lib\router\layer.js:95:5)
    at next (D:\Workspace\git\HTML\best-prices\ReadFiles\node_modules\express\lib\router\route.js:137:13)
    at Route.dispatch (D:\Workspace\git\HTML\best-prices\ReadFiles\node_modules\express\lib\router\route.js:112:3)
    at Layer.handle [as handle_request] (D:\Workspace\git\HTML\best-prices\ReadFiles\node_modules\express\lib\router\layer.js:95:5)
    at D:\Workspace\git\HTML\best-prices\ReadFiles\node_modules\express\lib\router\index.js:281:22
    at param (D:\Workspace\git\HTML\best-prices\ReadFiles\node_modules\express\lib\router\index.js:354:14)
    at param (D:\Workspace\git\HTML\best-prices\ReadFiles\node_modules\express\lib\router\index.js:365:14)
    at Function.process_params (D:\Workspace\git\HTML\best-prices\ReadFiles\node_modules\express\lib\router\index.js:410:3)
    at next (D:\Workspace\git\HTML\best-prices\ReadFiles\node_modules\express\lib\router\index.js:275:10)
    at textParser (D:\Workspace\git\HTML\best-prices\ReadFiles\node_modules\body-parser\lib\types\text.js:69:7)
    at Layer.handle [as handle_request] (D:\Workspace\git\HTML\best-prices\ReadFiles\node_modules\express\lib\router\layer.js:95:5)
    at trim_prefix (D:\Workspace\git\HTML\best-prices\ReadFiles\node_modules\express\lib\router\index.js:317:13)
    at D:\Workspace\git\HTML\best-prices\ReadFiles\node_modules\express\lib\router\index.js:284:7
    at Function.process_params (D:\Workspace\git\HTML\best-prices\ReadFiles\node_modules\express\lib\router\index.js:335:12)
    at next (D:\Workspace\git\HTML\best-prices\ReadFiles\node_modules\express\lib\router\index.js:275:10)
    at jsonParser (D:\Workspace\git\HTML\best-prices\ReadFiles\node_modules\body-parser\lib\types\json.js:103:7)
    at Layer.handle [as handle_request] (D:\Workspace\git\HTML\best-prices\ReadFiles\node_modules\express\lib\router\layer.js:95:5)
    at trim_prefix (D:\Workspace\git\HTML\best-prices\ReadFiles\node_modules\express\lib\router\index.js:317:13)
2017-05-25T00:42:20.282Z - error:  Error: ENOENT: no such file or directory, stat 'D:\Workspace\git\HTML\best-prices\ReadFiles\upload'
    at Error (native)
From previous event:
    at FileHelper.isDirectory (D:\Workspace\git\HTML\best-prices\ReadFiles\file-helper.js:164:13)
    at app.get (D:\Workspace\git\HTML\best-prices\ReadFiles\index.js:105:15)
    at Layer.handle [as handle_request] (D:\Workspace\git\HTML\best-prices\ReadFiles\node_modules\express\lib\router\layer.js:95:5)
    at next (D:\Workspace\git\HTML\best-prices\ReadFiles\node_modules\express\lib\router\route.js:137:13)
    at Route.dispatch (D:\Workspace\git\HTML\best-prices\ReadFiles\node_modules\express\lib\router\route.js:112:3)
    at Layer.handle [as handle_request] (D:\Workspace\git\HTML\best-prices\ReadFiles\node_modules\express\lib\router\layer.js:95:5)
    at D:\Workspace\git\HTML\best-prices\ReadFiles\node_modules\express\lib\router\index.js:281:22
    at param (D:\Workspace\git\HTML\best-prices\ReadFiles\node_modules\express\lib\router\index.js:354:14)
    at param (D:\Workspace\git\HTML\best-prices\ReadFiles\node_modules\express\lib\router\index.js:365:14)
    at Function.process_params (D:\Workspace\git\HTML\best-prices\ReadFiles\node_modules\express\lib\router\index.js:410:3)
    at next (D:\Workspace\git\HTML\best-prices\ReadFiles\node_modules\express\lib\router\index.js:275:10)
    at textParser (D:\Workspace\git\HTML\best-prices\ReadFiles\node_modules\body-parser\lib\types\text.js:69:7)
    at Layer.handle [as handle_request] (D:\Workspace\git\HTML\best-prices\ReadFiles\node_modules\express\lib\router\layer.js:95:5)
    at trim_prefix (D:\Workspace\git\HTML\best-prices\ReadFiles\node_modules\express\lib\router\index.js:317:13)
    at D:\Workspace\git\HTML\best-prices\ReadFiles\node_modules\express\lib\router\index.js:284:7
    at Function.process_params (D:\Workspace\git\HTML\best-prices\ReadFiles\node_modules\express\lib\router\index.js:335:12)
    at next (D:\Workspace\git\HTML\best-prices\ReadFiles\node_modules\express\lib\router\index.js:275:10)
    at jsonParser (D:\Workspace\git\HTML\best-prices\ReadFiles\node_modules\body-parser\lib\types\json.js:103:7)
    at Layer.handle [as handle_request] (D:\Workspace\git\HTML\best-prices\ReadFiles\node_modules\express\lib\router\layer.js:95:5)
    at trim_prefix (D:\Workspace\git\HTML\best-prices\ReadFiles\node_modules\express\lib\router\index.js:317:13)
2017-05-25T00:42:20.364Z - error:  Error: ENOENT: no such file or directory, stat 'D:\Workspace\git\HTML\best-prices\ReadFiles\upload'
    at Error (native)
From previous event:
    at FileHelper.isDirectory (D:\Workspace\git\HTML\best-prices\ReadFiles\file-helper.js:164:13)
    at app.get (D:\Workspace\git\HTML\best-prices\ReadFiles\index.js:105:15)
    at Layer.handle [as handle_request] (D:\Workspace\git\HTML\best-prices\ReadFiles\node_modules\express\lib\router\layer.js:95:5)
    at next (D:\Workspace\git\HTML\best-prices\ReadFiles\node_modules\express\lib\router\route.js:137:13)
    at Route.dispatch (D:\Workspace\git\HTML\best-prices\ReadFiles\node_modules\express\lib\router\route.js:112:3)
    at Layer.handle [as handle_request] (D:\Workspace\git\HTML\best-prices\ReadFiles\node_modules\express\lib\router\layer.js:95:5)
    at D:\Workspace\git\HTML\best-prices\ReadFiles\node_modules\express\lib\router\index.js:281:22
    at param (D:\Workspace\git\HTML\best-prices\ReadFiles\node_modules\express\lib\router\index.js:354:14)
    at param (D:\Workspace\git\HTML\best-prices\ReadFiles\node_modules\express\lib\router\index.js:365:14)
    at Function.process_params (D:\Workspace\git\HTML\best-prices\ReadFiles\node_modules\express\lib\router\index.js:410:3)
    at next (D:\Workspace\git\HTML\best-prices\ReadFiles\node_modules\express\lib\router\index.js:275:10)
    at textParser (D:\Workspace\git\HTML\best-prices\ReadFiles\node_modules\body-parser\lib\types\text.js:69:7)
    at Layer.handle [as handle_request] (D:\Workspace\git\HTML\best-prices\ReadFiles\node_modules\express\lib\router\layer.js:95:5)
    at trim_prefix (D:\Workspace\git\HTML\best-prices\ReadFiles\node_modules\express\lib\router\index.js:317:13)
    at D:\Workspace\git\HTML\best-prices\ReadFiles\node_modules\express\lib\router\index.js:284:7
    at Function.process_params (D:\Workspace\git\HTML\best-prices\ReadFiles\node_modules\express\lib\router\index.js:335:12)
    at next (D:\Workspace\git\HTML\best-prices\ReadFiles\node_modules\express\lib\router\index.js:275:10)
    at jsonParser (D:\Workspace\git\HTML\best-prices\ReadFiles\node_modules\body-parser\lib\types\json.js:103:7)
    at Layer.handle [as handle_request] (D:\Workspace\git\HTML\best-prices\ReadFiles\node_modules\express\lib\router\layer.js:95:5)
    at trim_prefix (D:\Workspace\git\HTML\best-prices\ReadFiles\node_modules\express\lib\router\index.js:317:13)
2017-05-25T00:42:20.364Z - error:  Error: ENOENT: no such file or directory, stat 'D:\Workspace\git\HTML\best-prices\ReadFiles\upload'
    at Error (native)
From previous event:
    at FileHelper.isDirectory (D:\Workspace\git\HTML\best-prices\ReadFiles\file-helper.js:164:13)
    at app.get (D:\Workspace\git\HTML\best-prices\ReadFiles\index.js:105:15)
    at Layer.handle [as handle_request] (D:\Workspace\git\HTML\best-prices\ReadFiles\node_modules\express\lib\router\layer.js:95:5)
    at next (D:\Workspace\git\HTML\best-prices\ReadFiles\node_modules\express\lib\router\route.js:137:13)
    at Route.dispatch (D:\Workspace\git\HTML\best-prices\ReadFiles\node_modules\express\lib\router\route.js:112:3)
    at Layer.handle [as handle_request] (D:\Workspace\git\HTML\best-prices\ReadFiles\node_modules\express\lib\router\layer.js:95:5)
    at D:\Workspace\git\HTML\best-prices\ReadFiles\node_modules\express\lib\router\index.js:281:22
    at param (D:\Workspace\git\HTML\best-prices\ReadFiles\node_modules\express\lib\router\index.js:354:14)
    at param (D:\Workspace\git\HTML\best-prices\ReadFiles\node_modules\express\lib\router\index.js:365:14)
    at Function.process_params (D:\Workspace\git\HTML\best-prices\ReadFiles\node_modules\express\lib\router\index.js:410:3)
    at next (D:\Workspace\git\HTML\best-prices\ReadFiles\node_modules\express\lib\router\index.js:275:10)
    at textParser (D:\Workspace\git\HTML\best-prices\ReadFiles\node_modules\body-parser\lib\types\text.js:69:7)
    at Layer.handle [as handle_request] (D:\Workspace\git\HTML\best-prices\ReadFiles\node_modules\express\lib\router\layer.js:95:5)
    at trim_prefix (D:\Workspace\git\HTML\best-prices\ReadFiles\node_modules\express\lib\router\index.js:317:13)
    at D:\Workspace\git\HTML\best-prices\ReadFiles\node_modules\express\lib\router\index.js:284:7
    at Function.process_params (D:\Workspace\git\HTML\best-prices\ReadFiles\node_modules\express\lib\router\index.js:335:12)
    at next (D:\Workspace\git\HTML\best-prices\ReadFiles\node_modules\express\lib\router\index.js:275:10)
    at jsonParser (D:\Workspace\git\HTML\best-prices\ReadFiles\node_modules\body-parser\lib\types\json.js:103:7)
    at Layer.handle [as handle_request] (D:\Workspace\git\HTML\best-prices\ReadFiles\node_modules\express\lib\router\layer.js:95:5)
    at trim_prefix (D:\Workspace\git\HTML\best-prices\ReadFiles\node_modules\express\lib\router\index.js:317:13)
2017-05-25T00:45:09.167Z - error:  Error: ENOENT: no such file or directory, stat 'D:\Workspace\git\HTML\best-prices\ReadFiles\upload'
    at Error (native)
From previous event:
    at FileHelper.isDirectory (D:\Workspace\git\HTML\best-prices\ReadFiles\file-helper.js:164:13)
    at app.get (D:\Workspace\git\HTML\best-prices\ReadFiles\index.js:105:15)
    at Layer.handle [as handle_request] (D:\Workspace\git\HTML\best-prices\ReadFiles\node_modules\express\lib\router\layer.js:95:5)
    at next (D:\Workspace\git\HTML\best-prices\ReadFiles\node_modules\express\lib\router\route.js:137:13)
    at Route.dispatch (D:\Workspace\git\HTML\best-prices\ReadFiles\node_modules\express\lib\router\route.js:112:3)
    at Layer.handle [as handle_request] (D:\Workspace\git\HTML\best-prices\ReadFiles\node_modules\express\lib\router\layer.js:95:5)
    at D:\Workspace\git\HTML\best-prices\ReadFiles\node_modules\express\lib\router\index.js:281:22
    at param (D:\Workspace\git\HTML\best-prices\ReadFiles\node_modules\express\lib\router\index.js:354:14)
    at param (D:\Workspace\git\HTML\best-prices\ReadFiles\node_modules\express\lib\router\index.js:365:14)
    at Function.process_params (D:\Workspace\git\HTML\best-prices\ReadFiles\node_modules\express\lib\router\index.js:410:3)
    at next (D:\Workspace\git\HTML\best-prices\ReadFiles\node_modules\express\lib\router\index.js:275:10)
    at textParser (D:\Workspace\git\HTML\best-prices\ReadFiles\node_modules\body-parser\lib\types\text.js:69:7)
    at Layer.handle [as handle_request] (D:\Workspace\git\HTML\best-prices\ReadFiles\node_modules\express\lib\router\layer.js:95:5)
    at trim_prefix (D:\Workspace\git\HTML\best-prices\ReadFiles\node_modules\express\lib\router\index.js:317:13)
    at D:\Workspace\git\HTML\best-prices\ReadFiles\node_modules\express\lib\router\index.js:284:7
    at Function.process_params (D:\Workspace\git\HTML\best-prices\ReadFiles\node_modules\express\lib\router\index.js:335:12)
    at next (D:\Workspace\git\HTML\best-prices\ReadFiles\node_modules\express\lib\router\index.js:275:10)
    at jsonParser (D:\Workspace\git\HTML\best-prices\ReadFiles\node_modules\body-parser\lib\types\json.js:103:7)
    at Layer.handle [as handle_request] (D:\Workspace\git\HTML\best-prices\ReadFiles\node_modules\express\lib\router\layer.js:95:5)
    at trim_prefix (D:\Workspace\git\HTML\best-prices\ReadFiles\node_modules\express\lib\router\index.js:317:13)
2017-05-25T00:45:09.167Z - error:  Error: ENOENT: no such file or directory, stat 'D:\Workspace\git\HTML\best-prices\ReadFiles\upload'
    at Error (native)
From previous event:
    at FileHelper.isDirectory (D:\Workspace\git\HTML\best-prices\ReadFiles\file-helper.js:164:13)
    at app.get (D:\Workspace\git\HTML\best-prices\ReadFiles\index.js:105:15)
    at Layer.handle [as handle_request] (D:\Workspace\git\HTML\best-prices\ReadFiles\node_modules\express\lib\router\layer.js:95:5)
    at next (D:\Workspace\git\HTML\best-prices\ReadFiles\node_modules\express\lib\router\route.js:137:13)
    at Route.dispatch (D:\Workspace\git\HTML\best-prices\ReadFiles\node_modules\express\lib\router\route.js:112:3)
    at Layer.handle [as handle_request] (D:\Workspace\git\HTML\best-prices\ReadFiles\node_modules\express\lib\router\layer.js:95:5)
    at D:\Workspace\git\HTML\best-prices\ReadFiles\node_modules\express\lib\router\index.js:281:22
    at param (D:\Workspace\git\HTML\best-prices\ReadFiles\node_modules\express\lib\router\index.js:354:14)
    at param (D:\Workspace\git\HTML\best-prices\ReadFiles\node_modules\express\lib\router\index.js:365:14)
    at Function.process_params (D:\Workspace\git\HTML\best-prices\ReadFiles\node_modules\express\lib\router\index.js:410:3)
    at next (D:\Workspace\git\HTML\best-prices\ReadFiles\node_modules\express\lib\router\index.js:275:10)
    at textParser (D:\Workspace\git\HTML\best-prices\ReadFiles\node_modules\body-parser\lib\types\text.js:69:7)
    at Layer.handle [as handle_request] (D:\Workspace\git\HTML\best-prices\ReadFiles\node_modules\express\lib\router\layer.js:95:5)
    at trim_prefix (D:\Workspace\git\HTML\best-prices\ReadFiles\node_modules\express\lib\router\index.js:317:13)
    at D:\Workspace\git\HTML\best-prices\ReadFiles\node_modules\express\lib\router\index.js:284:7
    at Function.process_params (D:\Workspace\git\HTML\best-prices\ReadFiles\node_modules\express\lib\router\index.js:335:12)
    at next (D:\Workspace\git\HTML\best-prices\ReadFiles\node_modules\express\lib\router\index.js:275:10)
    at jsonParser (D:\Workspace\git\HTML\best-prices\ReadFiles\node_modules\body-parser\lib\types\json.js:103:7)
    at Layer.handle [as handle_request] (D:\Workspace\git\HTML\best-prices\ReadFiles\node_modules\express\lib\router\layer.js:95:5)
    at trim_prefix (D:\Workspace\git\HTML\best-prices\ReadFiles\node_modules\express\lib\router\index.js:317:13)
2017-05-25T00:45:09.231Z - error:  Error: ENOENT: no such file or directory, stat 'D:\Workspace\git\HTML\best-prices\ReadFiles\upload'
    at Error (native)
From previous event:
    at FileHelper.isDirectory (D:\Workspace\git\HTML\best-prices\ReadFiles\file-helper.js:164:13)
    at app.get (D:\Workspace\git\HTML\best-prices\ReadFiles\index.js:105:15)
    at Layer.handle [as handle_request] (D:\Workspace\git\HTML\best-prices\ReadFiles\node_modules\express\lib\router\layer.js:95:5)
    at next (D:\Workspace\git\HTML\best-prices\ReadFiles\node_modules\express\lib\router\route.js:137:13)
    at Route.dispatch (D:\Workspace\git\HTML\best-prices\ReadFiles\node_modules\express\lib\router\route.js:112:3)
    at Layer.handle [as handle_request] (D:\Workspace\git\HTML\best-prices\ReadFiles\node_modules\express\lib\router\layer.js:95:5)
    at D:\Workspace\git\HTML\best-prices\ReadFiles\node_modules\express\lib\router\index.js:281:22
    at param (D:\Workspace\git\HTML\best-prices\ReadFiles\node_modules\express\lib\router\index.js:354:14)
    at param (D:\Workspace\git\HTML\best-prices\ReadFiles\node_modules\express\lib\router\index.js:365:14)
    at Function.process_params (D:\Workspace\git\HTML\best-prices\ReadFiles\node_modules\express\lib\router\index.js:410:3)
    at next (D:\Workspace\git\HTML\best-prices\ReadFiles\node_modules\express\lib\router\index.js:275:10)
    at textParser (D:\Workspace\git\HTML\best-prices\ReadFiles\node_modules\body-parser\lib\types\text.js:69:7)
    at Layer.handle [as handle_request] (D:\Workspace\git\HTML\best-prices\ReadFiles\node_modules\express\lib\router\layer.js:95:5)
    at trim_prefix (D:\Workspace\git\HTML\best-prices\ReadFiles\node_modules\express\lib\router\index.js:317:13)
    at D:\Workspace\git\HTML\best-prices\ReadFiles\node_modules\express\lib\router\index.js:284:7
    at Function.process_params (D:\Workspace\git\HTML\best-prices\ReadFiles\node_modules\express\lib\router\index.js:335:12)
    at next (D:\Workspace\git\HTML\best-prices\ReadFiles\node_modules\express\lib\router\index.js:275:10)
    at jsonParser (D:\Workspace\git\HTML\best-prices\ReadFiles\node_modules\body-parser\lib\types\json.js:103:7)
    at Layer.handle [as handle_request] (D:\Workspace\git\HTML\best-prices\ReadFiles\node_modules\express\lib\router\layer.js:95:5)
    at trim_prefix (D:\Workspace\git\HTML\best-prices\ReadFiles\node_modules\express\lib\router\index.js:317:13)
2017-05-25T00:45:09.231Z - error:  Error: ENOENT: no such file or directory, stat 'D:\Workspace\git\HTML\best-prices\ReadFiles\upload'
    at Error (native)
From previous event:
    at FileHelper.isDirectory (D:\Workspace\git\HTML\best-prices\ReadFiles\file-helper.js:164:13)
    at app.get (D:\Workspace\git\HTML\best-prices\ReadFiles\index.js:105:15)
    at Layer.handle [as handle_request] (D:\Workspace\git\HTML\best-prices\ReadFiles\node_modules\express\lib\router\layer.js:95:5)
    at next (D:\Workspace\git\HTML\best-prices\ReadFiles\node_modules\express\lib\router\route.js:137:13)
    at Route.dispatch (D:\Workspace\git\HTML\best-prices\ReadFiles\node_modules\express\lib\router\route.js:112:3)
    at Layer.handle [as handle_request] (D:\Workspace\git\HTML\best-prices\ReadFiles\node_modules\express\lib\router\layer.js:95:5)
    at D:\Workspace\git\HTML\best-prices\ReadFiles\node_modules\express\lib\router\index.js:281:22
    at param (D:\Workspace\git\HTML\best-prices\ReadFiles\node_modules\express\lib\router\index.js:354:14)
    at param (D:\Workspace\git\HTML\best-prices\ReadFiles\node_modules\express\lib\router\index.js:365:14)
    at Function.process_params (D:\Workspace\git\HTML\best-prices\ReadFiles\node_modules\express\lib\router\index.js:410:3)
    at next (D:\Workspace\git\HTML\best-prices\ReadFiles\node_modules\express\lib\router\index.js:275:10)
    at textParser (D:\Workspace\git\HTML\best-prices\ReadFiles\node_modules\body-parser\lib\types\text.js:69:7)
    at Layer.handle [as handle_request] (D:\Workspace\git\HTML\best-prices\ReadFiles\node_modules\express\lib\router\layer.js:95:5)
    at trim_prefix (D:\Workspace\git\HTML\best-prices\ReadFiles\node_modules\express\lib\router\index.js:317:13)
    at D:\Workspace\git\HTML\best-prices\ReadFiles\node_modules\express\lib\router\index.js:284:7
    at Function.process_params (D:\Workspace\git\HTML\best-prices\ReadFiles\node_modules\express\lib\router\index.js:335:12)
    at next (D:\Workspace\git\HTML\best-prices\ReadFiles\node_modules\express\lib\router\index.js:275:10)
    at jsonParser (D:\Workspace\git\HTML\best-prices\ReadFiles\node_modules\body-parser\lib\types\json.js:103:7)
    at Layer.handle [as handle_request] (D:\Workspace\git\HTML\best-prices\ReadFiles\node_modules\express\lib\router\layer.js:95:5)
    at trim_prefix (D:\Workspace\git\HTML\best-prices\ReadFiles\node_modules\express\lib\router\index.js:317:13)
2017-05-25T00:47:35.790Z - error:  Error: getUploader: Error: EISDIR: illegal operation on a directory, open 'D:\Workspace\git\HTML\best-prices\ReadFiles'
    at _getUploader (D:\Workspace\git\HTML\best-prices\ReadFiles\file-helper.js:76:13)
    at Immediate.<anonymous> (D:\Workspace\git\HTML\best-prices\ReadFiles\node_modules\multer\lib\make-middleware.js:53:37)
    at runCallback (timers.js:653:20)
    at tryOnImmediate (timers.js:622:5)
    at processImmediate [as _immediateCallback] (timers.js:594:5)
From previous event:
    at FileHelper.upload (D:\Workspace\git\HTML\best-prices\ReadFiles\file-helper.js:71:10)
    at app.post (D:\Workspace\git\HTML\best-prices\ReadFiles\index.js:148:15)
    at Layer.handle [as handle_request] (D:\Workspace\git\HTML\best-prices\ReadFiles\node_modules\express\lib\router\layer.js:95:5)
    at next (D:\Workspace\git\HTML\best-prices\ReadFiles\node_modules\express\lib\router\route.js:137:13)
    at Route.dispatch (D:\Workspace\git\HTML\best-prices\ReadFiles\node_modules\express\lib\router\route.js:112:3)
    at Layer.handle [as handle_request] (D:\Workspace\git\HTML\best-prices\ReadFiles\node_modules\express\lib\router\layer.js:95:5)
    at D:\Workspace\git\HTML\best-prices\ReadFiles\node_modules\express\lib\router\index.js:281:22
    at param (D:\Workspace\git\HTML\best-prices\ReadFiles\node_modules\express\lib\router\index.js:354:14)
    at param (D:\Workspace\git\HTML\best-prices\ReadFiles\node_modules\express\lib\router\index.js:365:14)
    at Function.process_params (D:\Workspace\git\HTML\best-prices\ReadFiles\node_modules\express\lib\router\index.js:410:3)
    at next (D:\Workspace\git\HTML\best-prices\ReadFiles\node_modules\express\lib\router\index.js:275:10)
    at textParser (D:\Workspace\git\HTML\best-prices\ReadFiles\node_modules\body-parser\lib\types\text.js:78:7)
    at Layer.handle [as handle_request] (D:\Workspace\git\HTML\best-prices\ReadFiles\node_modules\express\lib\router\layer.js:95:5)
    at trim_prefix (D:\Workspace\git\HTML\best-prices\ReadFiles\node_modules\express\lib\router\index.js:317:13)
    at D:\Workspace\git\HTML\best-prices\ReadFiles\node_modules\express\lib\router\index.js:284:7
    at Function.process_params (D:\Workspace\git\HTML\best-prices\ReadFiles\node_modules\express\lib\router\index.js:335:12)
    at next (D:\Workspace\git\HTML\best-prices\ReadFiles\node_modules\express\lib\router\index.js:275:10)
    at jsonParser (D:\Workspace\git\HTML\best-prices\ReadFiles\node_modules\body-parser\lib\types\json.js:112:7)
    at Layer.handle [as handle_request] (D:\Workspace\git\HTML\best-prices\ReadFiles\node_modules\express\lib\router\layer.js:95:5)
2017-05-25T00:47:35.790Z - error:  Error: getUploader: Error: EISDIR: illegal operation on a directory, open 'D:\Workspace\git\HTML\best-prices\ReadFiles'
    at _getUploader (D:\Workspace\git\HTML\best-prices\ReadFiles\file-helper.js:76:13)
    at Immediate.<anonymous> (D:\Workspace\git\HTML\best-prices\ReadFiles\node_modules\multer\lib\make-middleware.js:53:37)
    at runCallback (timers.js:653:20)
    at tryOnImmediate (timers.js:622:5)
    at processImmediate [as _immediateCallback] (timers.js:594:5)
From previous event:
    at FileHelper.upload (D:\Workspace\git\HTML\best-prices\ReadFiles\file-helper.js:71:10)
    at app.post (D:\Workspace\git\HTML\best-prices\ReadFiles\index.js:148:15)
    at Layer.handle [as handle_request] (D:\Workspace\git\HTML\best-prices\ReadFiles\node_modules\express\lib\router\layer.js:95:5)
    at next (D:\Workspace\git\HTML\best-prices\ReadFiles\node_modules\express\lib\router\route.js:137:13)
    at Route.dispatch (D:\Workspace\git\HTML\best-prices\ReadFiles\node_modules\express\lib\router\route.js:112:3)
    at Layer.handle [as handle_request] (D:\Workspace\git\HTML\best-prices\ReadFiles\node_modules\express\lib\router\layer.js:95:5)
    at D:\Workspace\git\HTML\best-prices\ReadFiles\node_modules\express\lib\router\index.js:281:22
    at param (D:\Workspace\git\HTML\best-prices\ReadFiles\node_modules\express\lib\router\index.js:354:14)
    at param (D:\Workspace\git\HTML\best-prices\ReadFiles\node_modules\express\lib\router\index.js:365:14)
    at Function.process_params (D:\Workspace\git\HTML\best-prices\ReadFiles\node_modules\express\lib\router\index.js:410:3)
    at next (D:\Workspace\git\HTML\best-prices\ReadFiles\node_modules\express\lib\router\index.js:275:10)
    at textParser (D:\Workspace\git\HTML\best-prices\ReadFiles\node_modules\body-parser\lib\types\text.js:78:7)
    at Layer.handle [as handle_request] (D:\Workspace\git\HTML\best-prices\ReadFiles\node_modules\express\lib\router\layer.js:95:5)
    at trim_prefix (D:\Workspace\git\HTML\best-prices\ReadFiles\node_modules\express\lib\router\index.js:317:13)
    at D:\Workspace\git\HTML\best-prices\ReadFiles\node_modules\express\lib\router\index.js:284:7
    at Function.process_params (D:\Workspace\git\HTML\best-prices\ReadFiles\node_modules\express\lib\router\index.js:335:12)
    at next (D:\Workspace\git\HTML\best-prices\ReadFiles\node_modules\express\lib\router\index.js:275:10)
    at jsonParser (D:\Workspace\git\HTML\best-prices\ReadFiles\node_modules\body-parser\lib\types\json.js:112:7)
    at Layer.handle [as handle_request] (D:\Workspace\git\HTML\best-prices\ReadFiles\node_modules\express\lib\router\layer.js:95:5)
2017-05-25T00:47:44.315Z - error:  Error: getUploader: Error: EISDIR: illegal operation on a directory, open 'D:\Workspace\git\HTML\best-prices\ReadFiles'
    at _getUploader (D:\Workspace\git\HTML\best-prices\ReadFiles\file-helper.js:76:13)
    at Immediate.<anonymous> (D:\Workspace\git\HTML\best-prices\ReadFiles\node_modules\multer\lib\make-middleware.js:53:37)
    at runCallback (timers.js:653:20)
    at tryOnImmediate (timers.js:622:5)
    at processImmediate [as _immediateCallback] (timers.js:594:5)
From previous event:
    at FileHelper.upload (D:\Workspace\git\HTML\best-prices\ReadFiles\file-helper.js:71:10)
    at app.post (D:\Workspace\git\HTML\best-prices\ReadFiles\index.js:148:15)
    at Layer.handle [as handle_request] (D:\Workspace\git\HTML\best-prices\ReadFiles\node_modules\express\lib\router\layer.js:95:5)
    at next (D:\Workspace\git\HTML\best-prices\ReadFiles\node_modules\express\lib\router\route.js:137:13)
    at Route.dispatch (D:\Workspace\git\HTML\best-prices\ReadFiles\node_modules\express\lib\router\route.js:112:3)
    at Layer.handle [as handle_request] (D:\Workspace\git\HTML\best-prices\ReadFiles\node_modules\express\lib\router\layer.js:95:5)
    at D:\Workspace\git\HTML\best-prices\ReadFiles\node_modules\express\lib\router\index.js:281:22
    at param (D:\Workspace\git\HTML\best-prices\ReadFiles\node_modules\express\lib\router\index.js:354:14)
    at param (D:\Workspace\git\HTML\best-prices\ReadFiles\node_modules\express\lib\router\index.js:365:14)
    at Function.process_params (D:\Workspace\git\HTML\best-prices\ReadFiles\node_modules\express\lib\router\index.js:410:3)
    at next (D:\Workspace\git\HTML\best-prices\ReadFiles\node_modules\express\lib\router\index.js:275:10)
    at textParser (D:\Workspace\git\HTML\best-prices\ReadFiles\node_modules\body-parser\lib\types\text.js:78:7)
    at Layer.handle [as handle_request] (D:\Workspace\git\HTML\best-prices\ReadFiles\node_modules\express\lib\router\layer.js:95:5)
    at trim_prefix (D:\Workspace\git\HTML\best-prices\ReadFiles\node_modules\express\lib\router\index.js:317:13)
    at D:\Workspace\git\HTML\best-prices\ReadFiles\node_modules\express\lib\router\index.js:284:7
    at Function.process_params (D:\Workspace\git\HTML\best-prices\ReadFiles\node_modules\express\lib\router\index.js:335:12)
    at next (D:\Workspace\git\HTML\best-prices\ReadFiles\node_modules\express\lib\router\index.js:275:10)
    at jsonParser (D:\Workspace\git\HTML\best-prices\ReadFiles\node_modules\body-parser\lib\types\json.js:112:7)
    at Layer.handle [as handle_request] (D:\Workspace\git\HTML\best-prices\ReadFiles\node_modules\express\lib\router\layer.js:95:5)
2017-05-25T00:47:44.315Z - error:  Error: getUploader: Error: EISDIR: illegal operation on a directory, open 'D:\Workspace\git\HTML\best-prices\ReadFiles'
    at _getUploader (D:\Workspace\git\HTML\best-prices\ReadFiles\file-helper.js:76:13)
    at Immediate.<anonymous> (D:\Workspace\git\HTML\best-prices\ReadFiles\node_modules\multer\lib\make-middleware.js:53:37)
    at runCallback (timers.js:653:20)
    at tryOnImmediate (timers.js:622:5)
    at processImmediate [as _immediateCallback] (timers.js:594:5)
From previous event:
    at FileHelper.upload (D:\Workspace\git\HTML\best-prices\ReadFiles\file-helper.js:71:10)
    at app.post (D:\Workspace\git\HTML\best-prices\ReadFiles\index.js:148:15)
    at Layer.handle [as handle_request] (D:\Workspace\git\HTML\best-prices\ReadFiles\node_modules\express\lib\router\layer.js:95:5)
    at next (D:\Workspace\git\HTML\best-prices\ReadFiles\node_modules\express\lib\router\route.js:137:13)
    at Route.dispatch (D:\Workspace\git\HTML\best-prices\ReadFiles\node_modules\express\lib\router\route.js:112:3)
    at Layer.handle [as handle_request] (D:\Workspace\git\HTML\best-prices\ReadFiles\node_modules\express\lib\router\layer.js:95:5)
    at D:\Workspace\git\HTML\best-prices\ReadFiles\node_modules\express\lib\router\index.js:281:22
    at param (D:\Workspace\git\HTML\best-prices\ReadFiles\node_modules\express\lib\router\index.js:354:14)
    at param (D:\Workspace\git\HTML\best-prices\ReadFiles\node_modules\express\lib\router\index.js:365:14)
    at Function.process_params (D:\Workspace\git\HTML\best-prices\ReadFiles\node_modules\express\lib\router\index.js:410:3)
    at next (D:\Workspace\git\HTML\best-prices\ReadFiles\node_modules\express\lib\router\index.js:275:10)
    at textParser (D:\Workspace\git\HTML\best-prices\ReadFiles\node_modules\body-parser\lib\types\text.js:78:7)
    at Layer.handle [as handle_request] (D:\Workspace\git\HTML\best-prices\ReadFiles\node_modules\express\lib\router\layer.js:95:5)
    at trim_prefix (D:\Workspace\git\HTML\best-prices\ReadFiles\node_modules\express\lib\router\index.js:317:13)
    at D:\Workspace\git\HTML\best-prices\ReadFiles\node_modules\express\lib\router\index.js:284:7
    at Function.process_params (D:\Workspace\git\HTML\best-prices\ReadFiles\node_modules\express\lib\router\index.js:335:12)
    at next (D:\Workspace\git\HTML\best-prices\ReadFiles\node_modules\express\lib\router\index.js:275:10)
    at jsonParser (D:\Workspace\git\HTML\best-prices\ReadFiles\node_modules\body-parser\lib\types\json.js:112:7)
    at Layer.handle [as handle_request] (D:\Workspace\git\HTML\best-prices\ReadFiles\node_modules\express\lib\router\layer.js:95:5)
2017-05-25T00:47:49.819Z - error:  Error: getUploader: Error: EISDIR: illegal operation on a directory, open 'D:\Workspace\git\HTML\best-prices\ReadFiles'
    at _getUploader (D:\Workspace\git\HTML\best-prices\ReadFiles\file-helper.js:76:13)
    at Immediate.<anonymous> (D:\Workspace\git\HTML\best-prices\ReadFiles\node_modules\multer\lib\make-middleware.js:53:37)
    at runCallback (timers.js:653:20)
    at tryOnImmediate (timers.js:622:5)
    at processImmediate [as _immediateCallback] (timers.js:594:5)
From previous event:
    at FileHelper.upload (D:\Workspace\git\HTML\best-prices\ReadFiles\file-helper.js:71:10)
    at app.post (D:\Workspace\git\HTML\best-prices\ReadFiles\index.js:148:15)
    at Layer.handle [as handle_request] (D:\Workspace\git\HTML\best-prices\ReadFiles\node_modules\express\lib\router\layer.js:95:5)
    at next (D:\Workspace\git\HTML\best-prices\ReadFiles\node_modules\express\lib\router\route.js:137:13)
    at Route.dispatch (D:\Workspace\git\HTML\best-prices\ReadFiles\node_modules\express\lib\router\route.js:112:3)
    at Layer.handle [as handle_request] (D:\Workspace\git\HTML\best-prices\ReadFiles\node_modules\express\lib\router\layer.js:95:5)
    at D:\Workspace\git\HTML\best-prices\ReadFiles\node_modules\express\lib\router\index.js:281:22
    at param (D:\Workspace\git\HTML\best-prices\ReadFiles\node_modules\express\lib\router\index.js:354:14)
    at param (D:\Workspace\git\HTML\best-prices\ReadFiles\node_modules\express\lib\router\index.js:365:14)
    at Function.process_params (D:\Workspace\git\HTML\best-prices\ReadFiles\node_modules\express\lib\router\index.js:410:3)
    at next (D:\Workspace\git\HTML\best-prices\ReadFiles\node_modules\express\lib\router\index.js:275:10)
    at textParser (D:\Workspace\git\HTML\best-prices\ReadFiles\node_modules\body-parser\lib\types\text.js:78:7)
    at Layer.handle [as handle_request] (D:\Workspace\git\HTML\best-prices\ReadFiles\node_modules\express\lib\router\layer.js:95:5)
    at trim_prefix (D:\Workspace\git\HTML\best-prices\ReadFiles\node_modules\express\lib\router\index.js:317:13)
    at D:\Workspace\git\HTML\best-prices\ReadFiles\node_modules\express\lib\router\index.js:284:7
    at Function.process_params (D:\Workspace\git\HTML\best-prices\ReadFiles\node_modules\express\lib\router\index.js:335:12)
    at next (D:\Workspace\git\HTML\best-prices\ReadFiles\node_modules\express\lib\router\index.js:275:10)
    at jsonParser (D:\Workspace\git\HTML\best-prices\ReadFiles\node_modules\body-parser\lib\types\json.js:112:7)
    at Layer.handle [as handle_request] (D:\Workspace\git\HTML\best-prices\ReadFiles\node_modules\express\lib\router\layer.js:95:5)
2017-05-25T00:47:49.819Z - error:  Error: getUploader: Error: EISDIR: illegal operation on a directory, open 'D:\Workspace\git\HTML\best-prices\ReadFiles'
    at _getUploader (D:\Workspace\git\HTML\best-prices\ReadFiles\file-helper.js:76:13)
    at Immediate.<anonymous> (D:\Workspace\git\HTML\best-prices\ReadFiles\node_modules\multer\lib\make-middleware.js:53:37)
    at runCallback (timers.js:653:20)
    at tryOnImmediate (timers.js:622:5)
    at processImmediate [as _immediateCallback] (timers.js:594:5)
From previous event:
    at FileHelper.upload (D:\Workspace\git\HTML\best-prices\ReadFiles\file-helper.js:71:10)
    at app.post (D:\Workspace\git\HTML\best-prices\ReadFiles\index.js:148:15)
    at Layer.handle [as handle_request] (D:\Workspace\git\HTML\best-prices\ReadFiles\node_modules\express\lib\router\layer.js:95:5)
    at next (D:\Workspace\git\HTML\best-prices\ReadFiles\node_modules\express\lib\router\route.js:137:13)
    at Route.dispatch (D:\Workspace\git\HTML\best-prices\ReadFiles\node_modules\express\lib\router\route.js:112:3)
    at Layer.handle [as handle_request] (D:\Workspace\git\HTML\best-prices\ReadFiles\node_modules\express\lib\router\layer.js:95:5)
    at D:\Workspace\git\HTML\best-prices\ReadFiles\node_modules\express\lib\router\index.js:281:22
    at param (D:\Workspace\git\HTML\best-prices\ReadFiles\node_modules\express\lib\router\index.js:354:14)
    at param (D:\Workspace\git\HTML\best-prices\ReadFiles\node_modules\express\lib\router\index.js:365:14)
    at Function.process_params (D:\Workspace\git\HTML\best-prices\ReadFiles\node_modules\express\lib\router\index.js:410:3)
    at next (D:\Workspace\git\HTML\best-prices\ReadFiles\node_modules\express\lib\router\index.js:275:10)
    at textParser (D:\Workspace\git\HTML\best-prices\ReadFiles\node_modules\body-parser\lib\types\text.js:78:7)
    at Layer.handle [as handle_request] (D:\Workspace\git\HTML\best-prices\ReadFiles\node_modules\express\lib\router\layer.js:95:5)
    at trim_prefix (D:\Workspace\git\HTML\best-prices\ReadFiles\node_modules\express\lib\router\index.js:317:13)
    at D:\Workspace\git\HTML\best-prices\ReadFiles\node_modules\express\lib\router\index.js:284:7
    at Function.process_params (D:\Workspace\git\HTML\best-prices\ReadFiles\node_modules\express\lib\router\index.js:335:12)
    at next (D:\Workspace\git\HTML\best-prices\ReadFiles\node_modules\express\lib\router\index.js:275:10)
    at jsonParser (D:\Workspace\git\HTML\best-prices\ReadFiles\node_modules\body-parser\lib\types\json.js:112:7)
    at Layer.handle [as handle_request] (D:\Workspace\git\HTML\best-prices\ReadFiles\node_modules\express\lib\router\layer.js:95:5)
