0 info it worked if it ends with ok
1 verbose cli [ 'D:\\Programs\\NodeJS\\node.exe',
1 verbose cli   'D:\\Programs\\NodeJS\\node_modules\\npm\\bin\\npm-cli.js',
1 verbose cli   'run',
1 verbose cli   'monitor' ]
2 info using npm@3.10.10
3 info using node@v6.9.4
4 verbose run-script [ 'premonitor', 'monitor', 'postmonitor' ]
5 info lifecycle best-prices-backend@0.0.1~premonitor: best-prices-backend@0.0.1
6 silly lifecycle best-prices-backend@0.0.1~premonitor: no script for premonitor, continuing
7 info lifecycle best-prices-backend@0.0.1~monitor: best-prices-backend@0.0.1
8 verbose lifecycle best-prices-backend@0.0.1~monitor: unsafe-perm in lifecycle true
9 verbose lifecycle best-prices-backend@0.0.1~monitor: PATH: D:\Programs\NodeJS\node_modules\npm\bin\node-gyp-bin;D:\Workspace\git\HTML\best-prices\ReadFiles\node_modules\.bin;C:\ProgramData\Oracle\Java\javapath;C:\Windows\system32;C:\Windows;C:\Windows\System32\Wbem;C:\Windows\System32\WindowsPowerShell\v1.0\;C:\Program Files\Git\cmd;C:\Program Files\Git\mingw64\bin;C:\Program Files\Git\usr\bin;C:\Program Files (x86)\Skype\Phone\;C:\Program Files (x86)\NVIDIA Corporation\PhysX\Common;C:\Program Files (x86)\GtkSharp\2.12\bin;C:\Users\Alan\AppData\Roaming\npm;D:\Programs\MongoDb\bin;C:\WINDOWS\system32;C:\WINDOWS;C:\WINDOWS\System32\Wbem;C:\WINDOWS\System32\WindowsPowerShell\v1.0\;C:\Program Files\Common Files\Autodesk Shared\;C:\Program Files (x86)\Autodesk\Backburner\;D:\Programs\NodeJS\;D:\Programs\Git\cmd;C:\Users\Alan\AppData\Local\Microsoft\WindowsApps;C:\Users\Alan\AppData\Roaming\npm;D:\Programs\Microsoft VS Code\bin;D:\Programs\Heroku\bin;
10 verbose lifecycle best-prices-backend@0.0.1~monitor: CWD: D:\Workspace\git\HTML\best-prices\ReadFiles
11 silly lifecycle best-prices-backend@0.0.1~monitor: Args: [ '/d /s /c', 'node-dev start.js' ]
12 verbose stack Error: kill ENOSYS
12 verbose stack     at exports._errnoException (util.js:1022:11)
12 verbose stack     at process.kill (internal/process.js:172:13)
12 verbose stack     at process.listener (D:\Programs\NodeJS\node_modules\npm\node_modules\npmlog\node_modules\gauge\node_modules\signal-exit\index.js:86:15)
12 verbose stack     at emitNone (events.js:91:20)
12 verbose stack     at process.emit (events.js:185:7)
12 verbose stack     at processEmit (D:\Programs\NodeJS\node_modules\npm\node_modules\npmlog\node_modules\gauge\node_modules\signal-exit\index.js:146:32)
12 verbose stack     at processEmit (D:\Programs\NodeJS\node_modules\npm\node_modules\npm-registry-client\node_modules\npmlog\node_modules\gauge\node_modules\signal-exit\index.js:146:32)
12 verbose stack     at Signal.wrap.onsignal (internal/process.js:199:44)
13 verbose cwd D:\Workspace\git\HTML\best-prices\ReadFiles
14 error Windows_NT 10.0.15063
15 error argv "D:\\Programs\\NodeJS\\node.exe" "D:\\Programs\\NodeJS\\node_modules\\npm\\bin\\npm-cli.js" "run" "monitor"
16 error node v6.9.4
17 error npm  v3.10.10
18 error code ENOSYS
19 error errno ENOSYS
20 error syscall kill
21 error kill ENOSYS
22 error If you need help, you may report this error at:
22 error     <https://github.com/npm/npm/issues>
23 verbose exit [ 1, true ]
